
Start-Date: 2025-04-04  02:03:36
Commandline: apt-get install --reinstall adduser
Reinstall: adduser:amd64 (3.118ubuntu2)
End-Date: 2025-04-04  02:03:38

Start-Date: 2025-04-04  02:03:40
Commandline: apt-get install --reinstall apt
Reinstall: apt:amd64 (2.0.2)
End-Date: 2025-04-04  02:03:42

Start-Date: 2025-04-04  02:03:44
Commandline: apt-get install --reinstall base-files
Reinstall: base-files:amd64 (11ubuntu5)
End-Date: 2025-04-04  02:03:45

Start-Date: 2025-04-04  02:03:48
Commandline: apt-get install --reinstall base-passwd
Reinstall: base-passwd:amd64 (3.5.47)
End-Date: 2025-04-04  02:03:49

Start-Date: 2025-04-04  02:03:51
Commandline: apt-get install --reinstall bash
Reinstall: bash:amd64 (5.0-6ubuntu1)
End-Date: 2025-04-04  02:03:52

Start-Date: 2025-04-04  02:03:55
Commandline: apt-get install --reinstall bsdutils
Reinstall: bsdutils:amd64 (1:2.34-0.1ubuntu9)
End-Date: 2025-04-04  02:03:56

Start-Date: 2025-04-04  02:03:58
Commandline: apt-get install --reinstall bzip2
Reinstall: bzip2:amd64 (1.0.8-2)
End-Date: 2025-04-04  02:03:59

Start-Date: 2025-04-04  02:04:01
Commandline: apt-get install --reinstall coreutils
Reinstall: coreutils:amd64 (8.30-3ubuntu2)
End-Date: 2025-04-04  02:04:03

Start-Date: 2025-04-04  02:04:05
Commandline: apt-get install --reinstall dash
Reinstall: dash:amd64 (0.5.10.2-6)
End-Date: 2025-04-04  02:04:06

Start-Date: 2025-04-04  02:04:08
Commandline: apt-get install --reinstall debconf
Reinstall: debconf:amd64 (1.5.73)
End-Date: 2025-04-04  02:04:10

Start-Date: 2025-04-04  02:04:12
Commandline: apt-get install --reinstall debianutils
Reinstall: debianutils:amd64 (4.9.1)
End-Date: 2025-04-04  02:04:13

Start-Date: 2025-04-04  02:04:16
Commandline: apt-get install --reinstall diffutils
Reinstall: diffutils:amd64 (1:3.7-3)
End-Date: 2025-04-04  02:04:17

Start-Date: 2025-04-04  02:04:19
Commandline: apt-get install --reinstall dpkg
Reinstall: dpkg:amd64 (1.19.7ubuntu3)
End-Date: 2025-04-04  02:04:20

Start-Date: 2025-04-04  02:04:23
Commandline: apt-get install --reinstall e2fsprogs
Reinstall: e2fsprogs:amd64 (1.45.5-2ubuntu1)
End-Date: 2025-04-04  02:04:24

Start-Date: 2025-04-04  02:04:26
Commandline: apt-get install --reinstall fdisk
Reinstall: fdisk:amd64 (2.34-0.1ubuntu9)
End-Date: 2025-04-04  02:04:27

Start-Date: 2025-04-04  02:04:30
Commandline: apt-get install --reinstall findutils
Reinstall: findutils:amd64 (4.7.0-1ubuntu1)
End-Date: 2025-04-04  02:04:31

Start-Date: 2025-04-04  02:04:33
Commandline: apt-get install --reinstall gcc-10-base:amd64
Reinstall: gcc-10-base:amd64 (10-20200411-0ubuntu1)
End-Date: 2025-04-04  02:04:34

Start-Date: 2025-04-04  02:04:37
Commandline: apt-get install --reinstall gpgv
Reinstall: gpgv:amd64 (2.2.19-3ubuntu2)
End-Date: 2025-04-04  02:04:38

Start-Date: 2025-04-04  02:04:40
Commandline: apt-get install --reinstall grep
Reinstall: grep:amd64 (3.4-1)
End-Date: 2025-04-04  02:04:41

Start-Date: 2025-04-04  02:04:44
Commandline: apt-get install --reinstall gzip
Reinstall: gzip:amd64 (1.10-0ubuntu4)
End-Date: 2025-04-04  02:04:45

Start-Date: 2025-04-04  02:04:47
Commandline: apt-get install --reinstall hostname
Reinstall: hostname:amd64 (3.23)
End-Date: 2025-04-04  02:04:48

Start-Date: 2025-04-04  02:04:50
Commandline: apt-get install --reinstall init-system-helpers
Reinstall: init-system-helpers:amd64 (1.57)
End-Date: 2025-04-04  02:04:52

Start-Date: 2025-04-04  02:04:54
Commandline: apt-get install --reinstall libacl1:amd64
Reinstall: libacl1:amd64 (2.2.53-6)
End-Date: 2025-04-04  02:04:55

Start-Date: 2025-04-04  02:04:57
Commandline: apt-get install --reinstall libapt-pkg6.0:amd64
Reinstall: libapt-pkg6.0:amd64 (2.0.2)
End-Date: 2025-04-04  02:04:59

Start-Date: 2025-04-04  02:05:01
Commandline: apt-get install --reinstall libattr1:amd64
Reinstall: libattr1:amd64 (1:2.4.48-5)
End-Date: 2025-04-04  02:05:02

Start-Date: 2025-04-04  02:05:05
Commandline: apt-get install --reinstall libaudit-common
Reinstall: libaudit-common:amd64 (1:2.8.5-2ubuntu6)
End-Date: 2025-04-04  02:05:06

Start-Date: 2025-04-04  02:05:08
Commandline: apt-get install --reinstall libaudit1:amd64
Reinstall: libaudit1:amd64 (1:2.8.5-2ubuntu6)
End-Date: 2025-04-04  02:05:10

Start-Date: 2025-04-04  02:05:12
Commandline: apt-get install --reinstall libblkid1:amd64
Reinstall: libblkid1:amd64 (2.34-0.1ubuntu9)
End-Date: 2025-04-04  02:05:13

Start-Date: 2025-04-04  02:05:15
Commandline: apt-get install --reinstall libbz2-1.0:amd64
Reinstall: libbz2-1.0:amd64 (1.0.8-2)
End-Date: 2025-04-04  02:05:16

Start-Date: 2025-04-04  02:05:19
Commandline: apt-get install --reinstall libc-bin
Reinstall: libc-bin:amd64 (2.31-0ubuntu9)
End-Date: 2025-04-04  02:05:20

Start-Date: 2025-04-04  02:05:24
Commandline: apt-get install --reinstall libc6:amd64
Reinstall: libc6:amd64 (2.31-0ubuntu9)
End-Date: 2025-04-04  02:05:26

Start-Date: 2025-04-04  02:05:29
Commandline: apt-get install --reinstall libcap-ng0:amd64
Reinstall: libcap-ng0:amd64 (0.7.9-2.1build1)
End-Date: 2025-04-04  02:05:30

Start-Date: 2025-04-04  02:05:32
Commandline: apt-get install --reinstall libcom-err2:amd64
Reinstall: libcom-err2:amd64 (1.45.5-2ubuntu1)
End-Date: 2025-04-04  02:05:33

Start-Date: 2025-04-04  02:05:35
Commandline: apt-get install --reinstall libcrypt1:amd64
Reinstall: libcrypt1:amd64 (1:4.4.10-10ubuntu4)
End-Date: 2025-04-04  02:05:36

Start-Date: 2025-04-04  02:05:39
Commandline: apt-get install --reinstall libdb5.3:amd64
Reinstall: libdb5.3:amd64 (5.3.28+dfsg1-0.6ubuntu2)
End-Date: 2025-04-04  02:05:40

Start-Date: 2025-04-04  02:05:42
Commandline: apt-get install --reinstall libdebconfclient0:amd64
Reinstall: libdebconfclient0:amd64 (0.251ubuntu1)
End-Date: 2025-04-04  02:05:43

Start-Date: 2025-04-04  02:05:46
Commandline: apt-get install --reinstall libext2fs2:amd64
Reinstall: libext2fs2:amd64 (1.45.5-2ubuntu1)
End-Date: 2025-04-04  02:05:46

Start-Date: 2025-04-04  02:05:49
Commandline: apt-get install --reinstall libfdisk1:amd64
Reinstall: libfdisk1:amd64 (2.34-0.1ubuntu9)
End-Date: 2025-04-04  02:05:50

Start-Date: 2025-04-04  02:05:52
Commandline: apt-get install --reinstall libffi7:amd64
Reinstall: libffi7:amd64 (3.3-4)
End-Date: 2025-04-04  02:05:53

Start-Date: 2025-04-04  02:05:55
Commandline: apt-get install --reinstall libgcc-s1:amd64
Reinstall: libgcc-s1:amd64 (10-20200411-0ubuntu1)
End-Date: 2025-04-04  02:05:57

Start-Date: 2025-04-04  02:05:59
Commandline: apt-get install --reinstall libgcrypt20:amd64
Reinstall: libgcrypt20:amd64 (1.8.5-5ubuntu1)
End-Date: 2025-04-04  02:06:00

Start-Date: 2025-04-04  02:06:02
Commandline: apt-get install --reinstall libgmp10:amd64
Reinstall: libgmp10:amd64 (2:6.2.0+dfsg-4)
End-Date: 2025-04-04  02:06:04

Start-Date: 2025-04-04  02:06:06
Commandline: apt-get install --reinstall libgnutls30:amd64
Reinstall: libgnutls30:amd64 (3.6.13-2ubuntu1)
End-Date: 2025-04-04  02:06:07

Start-Date: 2025-04-04  02:06:09
Commandline: apt-get install --reinstall libgpg-error0:amd64
Reinstall: libgpg-error0:amd64 (1.37-1)
End-Date: 2025-04-04  02:06:11

Start-Date: 2025-04-04  02:06:13
Commandline: apt-get install --reinstall libhogweed5:amd64
Reinstall: libhogweed5:amd64 (3.5.1+really3.5.1-2)
End-Date: 2025-04-04  02:06:14

Start-Date: 2025-04-04  02:06:16
Commandline: apt-get install --reinstall libidn2-0:amd64
Reinstall: libidn2-0:amd64 (2.2.0-2)
End-Date: 2025-04-04  02:06:18

Start-Date: 2025-04-04  02:06:20
Commandline: apt-get install --reinstall liblz4-1:amd64
Reinstall: liblz4-1:amd64 (1.9.2-2)
End-Date: 2025-04-04  02:06:21

Start-Date: 2025-04-04  02:06:23
Commandline: apt-get install --reinstall liblzma5:amd64
Reinstall: liblzma5:amd64 (5.2.4-1)
End-Date: 2025-04-04  02:06:25

Start-Date: 2025-04-04  02:06:27
Commandline: apt-get install --reinstall libmount1:amd64
Reinstall: libmount1:amd64 (2.34-0.1ubuntu9)
End-Date: 2025-04-04  02:06:28

Start-Date: 2025-04-04  02:06:30
Commandline: apt-get install --reinstall libncurses6:amd64
Reinstall: libncurses6:amd64 (6.2-0ubuntu2)
End-Date: 2025-04-04  02:06:31

Start-Date: 2025-04-04  02:06:34
Commandline: apt-get install --reinstall libncursesw6:amd64
Reinstall: libncursesw6:amd64 (6.2-0ubuntu2)
End-Date: 2025-04-04  02:06:34

Start-Date: 2025-04-04  02:06:37
Commandline: apt-get install --reinstall libnettle7:amd64
Reinstall: libnettle7:amd64 (3.5.1+really3.5.1-2)
End-Date: 2025-04-04  02:06:38

Start-Date: 2025-04-04  02:06:40
Commandline: apt-get install --reinstall libp11-kit0:amd64
Reinstall: libp11-kit0:amd64 (0.23.20-1build1)
End-Date: 2025-04-04  02:06:41

Start-Date: 2025-04-04  02:06:44
Commandline: apt-get install --reinstall libpam-modules:amd64
Reinstall: libpam-modules:amd64 (1.3.1-5ubuntu4)
End-Date: 2025-04-04  02:06:45

Start-Date: 2025-04-04  02:06:47
Commandline: apt-get install --reinstall libpam-modules-bin
Reinstall: libpam-modules-bin:amd64 (1.3.1-5ubuntu4)
End-Date: 2025-04-04  02:06:49

Start-Date: 2025-04-04  02:06:51
Commandline: apt-get install --reinstall libpam-runtime
Reinstall: libpam-runtime:amd64 (1.3.1-5ubuntu4)
End-Date: 2025-04-04  02:06:52

Start-Date: 2025-04-04  02:06:55
Commandline: apt-get install --reinstall libpam0g:amd64
Reinstall: libpam0g:amd64 (1.3.1-5ubuntu4)
End-Date: 2025-04-04  02:06:56

Start-Date: 2025-04-04  02:06:58
Commandline: apt-get install --reinstall libpcre2-8-0:amd64
Reinstall: libpcre2-8-0:amd64 (10.34-7)
End-Date: 2025-04-04  02:06:59

Start-Date: 2025-04-04  02:07:02
Commandline: apt-get install --reinstall libpcre3:amd64
Reinstall: libpcre3:amd64 (2:8.39-12build1)
End-Date: 2025-04-04  02:07:03

Start-Date: 2025-04-04  02:07:05
Commandline: apt-get install --reinstall libprocps8:amd64
Reinstall: libprocps8:amd64 (2:3.3.16-1ubuntu2)
End-Date: 2025-04-04  02:07:06

Start-Date: 2025-04-04  02:07:08
Commandline: apt-get install --reinstall libseccomp2:amd64
Reinstall: libseccomp2:amd64 (2.4.3-1ubuntu1)
End-Date: 2025-04-04  02:07:09

Start-Date: 2025-04-04  02:07:12
Commandline: apt-get install --reinstall libselinux1:amd64
Reinstall: libselinux1:amd64 (3.0-1build2)
End-Date: 2025-04-04  02:07:13

Start-Date: 2025-04-04  02:07:15
Commandline: apt-get install --reinstall libsemanage-common
Reinstall: libsemanage-common:amd64 (3.0-1build2)
End-Date: 2025-04-04  02:07:16

Start-Date: 2025-04-04  02:07:19
Commandline: apt-get install --reinstall libsemanage1:amd64
Reinstall: libsemanage1:amd64 (3.0-1build2)
End-Date: 2025-04-04  02:07:20

Start-Date: 2025-04-04  02:07:22
Commandline: apt-get install --reinstall libsepol1:amd64
Reinstall: libsepol1:amd64 (3.0-1)
End-Date: 2025-04-04  02:07:23

Start-Date: 2025-04-04  02:07:26
Commandline: apt-get install --reinstall libsmartcols1:amd64
Reinstall: libsmartcols1:amd64 (2.34-0.1ubuntu9)
End-Date: 2025-04-04  02:07:27

Start-Date: 2025-04-04  02:07:29
Commandline: apt-get install --reinstall libss2:amd64
Reinstall: libss2:amd64 (1.45.5-2ubuntu1)
End-Date: 2025-04-04  02:07:30

Start-Date: 2025-04-04  02:07:32
Commandline: apt-get install --reinstall libstdc++6:amd64
Reinstall: libstdc++6:amd64 (10-20200411-0ubuntu1)
End-Date: 2025-04-04  02:07:34

Start-Date: 2025-04-04  02:07:36
Commandline: apt-get install --reinstall libsystemd0:amd64
Reinstall: libsystemd0:amd64 (245.4-4ubuntu3)
End-Date: 2025-04-04  02:07:37

Start-Date: 2025-04-04  02:07:39
Commandline: apt-get install --reinstall libtasn1-6:amd64
Reinstall: libtasn1-6:amd64 (4.16.0-2)
End-Date: 2025-04-04  02:07:41

Start-Date: 2025-04-04  02:07:43
Commandline: apt-get install --reinstall libtinfo6:amd64
Reinstall: libtinfo6:amd64 (6.2-0ubuntu2)
End-Date: 2025-04-04  02:07:44

Start-Date: 2025-04-04  02:07:46
Commandline: apt-get install --reinstall libudev1:amd64
Reinstall: libudev1:amd64 (245.4-4ubuntu3)
End-Date: 2025-04-04  02:07:47

Start-Date: 2025-04-04  02:07:50
Commandline: apt-get install --reinstall libunistring2:amd64
Reinstall: libunistring2:amd64 (0.9.10-2)
End-Date: 2025-04-04  02:07:51

Start-Date: 2025-04-04  02:07:53
Commandline: apt-get install --reinstall libuuid1:amd64
Reinstall: libuuid1:amd64 (2.34-0.1ubuntu9)
End-Date: 2025-04-04  02:07:55

Start-Date: 2025-04-04  02:07:57
Commandline: apt-get install --reinstall libzstd1:amd64
Reinstall: libzstd1:amd64 (1.4.4+dfsg-3)
End-Date: 2025-04-04  02:07:58

Start-Date: 2025-04-04  02:08:01
Commandline: apt-get install --reinstall login
Reinstall: login:amd64 (1:4.8.1-1ubuntu5)
End-Date: 2025-04-04  02:08:02

Start-Date: 2025-04-04  02:08:04
Commandline: apt-get install --reinstall logsave
Reinstall: logsave:amd64 (1.45.5-2ubuntu1)
End-Date: 2025-04-04  02:08:05

Start-Date: 2025-04-04  02:08:07
Commandline: apt-get install --reinstall lsb-base
Reinstall: lsb-base:amd64 (11.1.0ubuntu2)
End-Date: 2025-04-04  02:08:08

Start-Date: 2025-04-04  02:08:11
Commandline: apt-get install --reinstall mawk
Reinstall: mawk:amd64 (1.3.4.20200120-2)
End-Date: 2025-04-04  02:08:12

Start-Date: 2025-04-04  02:08:14
Commandline: apt-get install --reinstall mount
Reinstall: mount:amd64 (2.34-0.1ubuntu9)
End-Date: 2025-04-04  02:08:15

Start-Date: 2025-04-04  02:08:17
Commandline: apt-get install --reinstall ncurses-base
Reinstall: ncurses-base:amd64 (6.2-0ubuntu2)
End-Date: 2025-04-04  02:08:18

Start-Date: 2025-04-04  02:08:21
Commandline: apt-get install --reinstall ncurses-bin
Reinstall: ncurses-bin:amd64 (6.2-0ubuntu2)
End-Date: 2025-04-04  02:08:22

Start-Date: 2025-04-04  02:08:24
Commandline: apt-get install --reinstall passwd
Reinstall: passwd:amd64 (1:4.8.1-1ubuntu5)
End-Date: 2025-04-04  02:08:26

Start-Date: 2025-04-04  02:08:28
Commandline: apt-get install --reinstall perl-base
Reinstall: perl-base:amd64 (5.30.0-9build1)
End-Date: 2025-04-04  02:08:29

Start-Date: 2025-04-04  02:08:32
Commandline: apt-get install --reinstall procps
Reinstall: procps:amd64 (2:3.3.16-1ubuntu2)
End-Date: 2025-04-04  02:08:33

Start-Date: 2025-04-04  02:08:35
Commandline: apt-get install --reinstall sed
Reinstall: sed:amd64 (4.7-1)
End-Date: 2025-04-04  02:08:36

Start-Date: 2025-04-04  02:08:38
Commandline: apt-get install --reinstall sensible-utils
Reinstall: sensible-utils:amd64 (0.0.12+nmu1)
End-Date: 2025-04-04  02:08:39

Start-Date: 2025-04-04  02:08:42
Commandline: apt-get install --reinstall sysvinit-utils
Reinstall: sysvinit-utils:amd64 (2.96-2.1ubuntu1)
End-Date: 2025-04-04  02:08:43

Start-Date: 2025-04-04  02:08:45
Commandline: apt-get install --reinstall tar
Reinstall: tar:amd64 (1.30+dfsg-7)
End-Date: 2025-04-04  02:08:46

Start-Date: 2025-04-04  02:08:49
Commandline: apt-get install --reinstall ubuntu-keyring
Reinstall: ubuntu-keyring:amd64 (2020.02.11.2)
End-Date: 2025-04-04  02:08:50

Start-Date: 2025-04-04  02:08:52
Commandline: apt-get install --reinstall util-linux
Reinstall: util-linux:amd64 (2.34-0.1ubuntu9)
End-Date: 2025-04-04  02:08:54

Start-Date: 2025-04-04  02:08:56
Commandline: apt-get install --reinstall zlib1g:amd64
Reinstall: zlib1g:amd64 (1:1.2.11.dfsg-2ubuntu1)
End-Date: 2025-04-04  02:08:57

Start-Date: 2025-04-04  02:09:03
Commandline: apt-get --yes -oDebug::pkgDepCache::AutoInstall=yes install ubuntu-keyring
Upgrade: ubuntu-keyring:amd64 (2020.02.11.2, 2020.02.11.4)
End-Date: 2025-04-04  02:09:03

Start-Date: 2025-04-04  02:09:06
Commandline: apt-get --yes -oDebug::pkgDepCache::AutoInstall=yes --force-yes upgrade
Upgrade: libpam0g:amd64 (1.3.1-5ubuntu4, 1.3.1-5ubuntu4.7), fdisk:amd64 (2.34-0.1ubuntu9, 2.34-0.1ubuntu9.6), perl-base:amd64 (5.30.0-9build1, 5.30.0-9ubuntu0.5), libseccomp2:amd64 (2.4.3-1ubuntu1, 2.5.1-1ubuntu1~20.04.2), libcom-err2:amd64 (1.45.5-2ubuntu1, 1.45.5-2ubuntu1.2), libfdisk1:amd64 (2.34-0.1ubuntu9, 2.34-0.1ubuntu9.6), libpam-modules:amd64 (1.3.1-5ubuntu4, 1.3.1-5ubuntu4.7), libsystemd0:amd64 (245.4-4ubuntu3, 245.4-4ubuntu3.24), gcc-10-base:amd64 (10-20200411-0ubuntu1, 10.5.0-1ubuntu1~20.04), apt:amd64 (2.0.2, 2.0.10), libmount1:amd64 (2.34-0.1ubuntu9, 2.34-0.1ubuntu9.6), e2fsprogs:amd64 (1.45.5-2ubuntu1, 1.45.5-2ubuntu1.2), zlib1g:amd64 (1:1.2.11.dfsg-2ubuntu1, 1:1.2.11.dfsg-2ubuntu1.5), libgmp10:amd64 (2:6.2.0+dfsg-4, 2:6.2.0+dfsg-4ubuntu0.1), libncurses6:amd64 (6.2-0ubuntu2, 6.2-0ubuntu2.1), libc6:amd64 (2.31-0ubuntu9, 2.31-0ubuntu9.17), util-linux:amd64 (2.34-0.1ubuntu9, 2.34-0.1ubuntu9.6), libsepol1:amd64 (3.0-1, 3.0-1ubuntu0.1), passwd:amd64 (1:4.8.1-1ubuntu5, 1:4.8.1-1ubuntu5.20.04.5), procps:amd64 (2:3.3.16-1ubuntu2, 2:3.3.16-1ubuntu2.4), libpam-runtime:amd64 (1.3.1-5ubuntu4, 1.3.1-5ubuntu4.7), libncursesw6:amd64 (6.2-0ubuntu2, 6.2-0ubuntu2.1), libprocps8:amd64 (2:3.3.16-1ubuntu2, 2:3.3.16-1ubuntu2.4), libapt-pkg6.0:amd64 (2.0.2, 2.0.10), libudev1:amd64 (245.4-4ubuntu3, 245.4-4ubuntu3.24), libss2:amd64 (1.45.5-2ubuntu1, 1.45.5-2ubuntu1.2), mount:amd64 (2.34-0.1ubuntu9, 2.34-0.1ubuntu9.6), libext2fs2:amd64 (1.45.5-2ubuntu1, 1.45.5-2ubuntu1.2), libblkid1:amd64 (2.34-0.1ubuntu9, 2.34-0.1ubuntu9.6), dpkg:amd64 (1.19.7ubuntu3, 1.19.7ubuntu3.2), libc-bin:amd64 (2.31-0ubuntu9, 2.31-0ubuntu9.17), libtinfo6:amd64 (6.2-0ubuntu2, 6.2-0ubuntu2.1), libpcre3:amd64 (2:8.39-12build1, 2:8.39-12ubuntu0.1), tar:amd64 (1.30+dfsg-7, 1.30+dfsg-7ubuntu0.20.04.4), libuuid1:amd64 (2.34-0.1ubuntu9, 2.34-0.1ubuntu9.6), libgcrypt20:amd64 (1.8.5-5ubuntu1, 1.8.5-5ubuntu1.1), liblz4-1:amd64 (1.9.2-2, 1.9.2-2ubuntu0.20.04.1), libpcre2-8-0:amd64 (10.34-7, 10.34-7ubuntu0.1), gpgv:amd64 (2.2.19-3ubuntu2, 2.2.19-3ubuntu2.4), libsmartcols1:amd64 (2.34-0.1ubuntu9, 2.34-0.1ubuntu9.6), login:amd64 (1:4.8.1-1ubuntu5, 1:4.8.1-1ubuntu5.20.04.5), libhogweed5:amd64 (3.5.1+really3.5.1-2, 3.5.1+really3.5.1-2ubuntu0.2), ncurses-bin:amd64 (6.2-0ubuntu2, 6.2-0ubuntu2.1), libpam-modules-bin:amd64 (1.3.1-5ubuntu4, 1.3.1-5ubuntu4.7), bsdutils:amd64 (1:2.34-0.1ubuntu9, 1:2.34-0.1ubuntu9.6), libgcc-s1:amd64 (10-20200411-0ubuntu1, 10.5.0-1ubuntu1~20.04), libnettle7:amd64 (3.5.1+really3.5.1-2, 3.5.1+really3.5.1-2ubuntu0.2), ncurses-base:amd64 (6.2-0ubuntu2, 6.2-0ubuntu2.1), bash:amd64 (5.0-6ubuntu1, 5.0-6ubuntu1.2), libgnutls30:amd64 (3.6.13-2ubuntu1, 3.6.13-2ubuntu1.12), libp11-kit0:amd64 (0.23.20-1build1, 0.23.20-1ubuntu0.1), libzstd1:amd64 (1.4.4+dfsg-3, 1.4.4+dfsg-3ubuntu0.1), logsave:amd64 (1.45.5-2ubuntu1, 1.45.5-2ubuntu1.2), gzip:amd64 (1.10-0ubuntu4, 1.10-0ubuntu4.1), libtasn1-6:amd64 (4.16.0-2, 4.16.0-2ubuntu0.1), liblzma5:amd64 (5.2.4-1, 5.2.4-1ubuntu1.1), libstdc++6:amd64 (10-20200411-0ubuntu1, 10.5.0-1ubuntu1~20.04), base-files:amd64 (11ubuntu5, 11ubuntu5.8)
End-Date: 2025-04-04  02:09:13
